Dec 29, 2011 7:41:36 PM org.apache.catalina.core.ApplicationContext log
INFO: Manager: init: Associated with Deployer 'Catalina:type=Deployer,host=localhost'
Dec 29, 2011 7:41:36 PM org.apache.catalina.core.ApplicationContext log
INFO: Manager: init: Global resources are available
Dec 29, 2011 7:41:36 PM org.apache.catalina.core.ApplicationContext log
INFO: Manager: list: Listing contexts for virtual host 'localhost'
Dec 29, 2011 7:41:36 PM org.apache.catalina.core.ApplicationContext log
INFO: Manager: list: Listing contexts for virtual host 'localhost'
Dec 29, 2011 7:41:36 PM org.apache.catalina.core.ApplicationContext log
INFO: Manager: install: Installing context configuration at 'file:/C:/Users/Augie/AppData/Local/Temp/context7851020575647366308.xml'
Dec 29, 2011 7:41:37 PM org.apache.catalina.core.ApplicationContext log
INFO: Manager: start: Starting web application '/egats-web'
Dec 29, 2011 7:43:01 PM org.apache.catalina.core.ApplicationContext log
INFO: Manager: list: Listing contexts for virtual host 'localhost'
Dec 29, 2011 7:43:01 PM org.apache.catalina.core.ApplicationContext log
INFO: Manager: restart: Reloading web application '/egats-web'
Dec 29, 2011 7:43:16 PM org.apache.catalina.core.ApplicationContext log
INFO: Manager: list: Listing contexts for virtual host 'localhost'
Dec 29, 2011 7:43:16 PM org.apache.catalina.core.ApplicationContext log
INFO: Manager: restart: Reloading web application '/egats-web'
Dec 29, 2011 7:43:25 PM org.apache.catalina.core.ApplicationContext log
INFO: Manager: list: Listing contexts for virtual host 'localhost'
Dec 29, 2011 7:43:25 PM org.apache.catalina.core.ApplicationContext log
INFO: Manager: restart: Reloading web application '/egats-web'
Dec 29, 2011 7:43:27 PM org.apache.catalina.core.ApplicationContext log
INFO: Manager: list: Listing contexts for virtual host 'localhost'
Dec 29, 2011 7:43:27 PM org.apache.catalina.core.ApplicationContext log
INFO: Manager: restart: Reloading web application '/egats-web'
Dec 29, 2011 7:43:34 PM org.apache.catalina.core.ApplicationContext log
INFO: Manager: list: Listing contexts for virtual host 'localhost'
Dec 29, 2011 7:43:34 PM org.apache.catalina.core.ApplicationContext log
INFO: Manager: restart: Reloading web application '/egats-web'
Dec 29, 2011 7:43:52 PM org.apache.catalina.core.ApplicationContext log
INFO: Manager: list: Listing contexts for virtual host 'localhost'
Dec 29, 2011 7:46:50 PM org.apache.catalina.core.ApplicationContext log
INFO: Manager: init: Associated with Deployer 'Catalina:type=Deployer,host=localhost'
Dec 29, 2011 7:46:50 PM org.apache.catalina.core.ApplicationContext log
INFO: Manager: init: Global resources are available
Dec 29, 2011 7:46:50 PM org.apache.catalina.core.ApplicationContext log
INFO: Manager: list: Listing contexts for virtual host 'localhost'
Dec 29, 2011 7:46:50 PM org.apache.catalina.core.ApplicationContext log
INFO: Manager: list: Listing contexts for virtual host 'localhost'
Dec 29, 2011 7:46:50 PM org.apache.catalina.core.ApplicationContext log
INFO: Manager: restart: Reloading web application '/egats-web'
